<?xml version="1.0" encoding="UTF-8"?>
<!-- Generated by org.testng.reporters.JUnitReportReporter -->
<testsuite hostname="LAPTOP-U8Q0J0OL" name="com.primusbank.testng.BankerLoginTest" tests="1" failures="0" timestamp="21 Feb 2019 07:08:36 GMT" time="1.101" errors="0">
  <testcase name="check_banker_login" time="1.101" classname="com.primusbank.testng.BankerLoginTest"/>
</testsuite> <!-- com.primusbank.testng.BankerLoginTest -->
