<?xml version="1.0" encoding="UTF-8"?>
<!-- Generated by org.testng.reporters.JUnitReportReporter -->
<testsuite hostname="LAPTOP-U8Q0J0OL" name="com.primusbank.testng.AdminLoginTest" tests="1" failures="0" timestamp="21 Feb 2019 07:08:36 GMT" time="3.139" errors="0">
  <testcase name="checkadminlogin" time="3.139" classname="com.primusbank.testng.AdminLoginTest"/>
</testsuite> <!-- com.primusbank.testng.AdminLoginTest -->
